<?xml version="1.0" encoding="UTF-8"?>
<testng-results skipped="0" failed="0" total="1" passed="1">
  <reporter-output>
    <line>
      <![CDATA[Login Logout successfully with user.............null]]>
    </line>
  </reporter-output>
  <suite name="SeleniumSignUp-suite1" duration-ms="27966" started-at="2014-10-06T09:51:12Z" finished-at="2014-10-06T09:51:40Z">
    <groups>
    </groups>
    <test name="SeleniumSignUp-suite2" duration-ms="27966" started-at="2014-10-06T09:51:12Z" finished-at="2014-10-06T09:51:40Z">
      <class name="com.seleniumScripts.SignUp">
        <test-method status="PASS" signature="LoginLogoutMethod()[pri:0, instance:com.seleniumScripts.SignUp@1fcf0ce]" name="LoginLogoutMethod" duration-ms="27955" started-at="2014-10-06T15:21:12Z" description="Login Logout Decription" finished-at="2014-10-06T15:21:40Z">
          <reporter-output>
            <line>
              <![CDATA[Login Logout successfully with user.............null]]>
            </line>
          </reporter-output>
        </test-method> <!-- LoginLogoutMethod -->
      </class> <!-- com.seleniumScripts.SignUp -->
    </test> <!-- SeleniumSignUp-suite2 -->
  </suite> <!-- SeleniumSignUp-suite1 -->
</testng-results>
