<?xml version="1.0" encoding="UTF-8"?>
<!-- Generated by org.testng.reporters.JUnitXMLReporter -->
<testsuite hostname="PRATIK" name="Inbox Test" tests="4" failures="0" timestamp="8 Jan 2014 15:24:06 GMT" time="0.056" errors="0">
  <testcase name="InboxRbac" time="0.022" classname="com.sapphire.inbox.Inbox_RBAC"/>
  <testcase name="InboxCompleteActivity" time="0.014" classname="com.sapphire.inbox.Inbox_CompleteActivity"/>
  <testcase name="InboxCompletedActivityCheck" time="0.011" classname="com.sapphire.inbox.Inbox_CompleteActivity_Check"/>
  <testcase name="InboxArchivedItems" time="0.0090" classname="com.sapphire.inbox.Inbox_Archived_Items"/>
</testsuite> <!-- Inbox Test -->
