<?xml version="1.0" encoding="UTF-8"?>
<!-- Generated by org.testng.reporters.JUnitXMLReporter -->
<testsuite hostname="PDWIVEDI" name="ETL Test " tests="3" failures="1" timestamp="2 Jul 2014 15:35:03 GMT" time="0.261" errors="0">
  <testcase name="reaction_VBM" time="0.192" classname="com.ms.sapphire.etl.AERS_REACTIONS">
    <failure type="java.lang.AssertionError" message="pt_name is null in aers_reactions for [41]records">
      <![CDATA[java.lang.AssertionError: pt_name is null in aers_reactions for [41]records
	at com.ms.sapphire.etl.AERS_REACTIONS.reaction_VBM(AERS_REACTIONS.java:48)
	at java.util.concurrent.FutureTask$Sync.innerRun(FutureTask.java:303)
	at java.util.concurrent.FutureTask.run(FutureTask.java:138)
	at java.util.concurrent.ThreadPoolExecutor$Worker.runTask(ThreadPoolExecutor.java:886)
	at java.util.concurrent.ThreadPoolExecutor$Worker.run(ThreadPoolExecutor.java:908)
	at java.lang.Thread.run(Thread.java:662)
... Removed 17 stack frames]]>
    </failure>
  </testcase> <!-- reaction_VBM -->
  <testcase name="reaction_pt_code_notnull" time="0.03" classname="com.ms.sapphire.etl.AERS_REACTIONS"/>
  <testcase name="reaction_pt_name_notnull" time="0.025" classname="com.ms.sapphire.etl.AERS_REACTIONS"/>
</testsuite> <!-- ETL Test  -->
