<?xml version="1.0" encoding="UTF-8"?>
<testng-results skipped="0" failed="1" total="3" passed="2">
  <reporter-output>
    <line>
      <![CDATA[This test case is to verify if pt_name is null for cleaned drug in aers_reactions table]]>
    </line>
    <line>
      <![CDATA[select count(distinct reaction_vbm) from aers_reactions where pt_name is null]]>
    </line>
    <line>
      <![CDATA[Expected : [0]]]>
    </line>
    <line>
      <![CDATA[Actual : [41]]]>
    </line>
    <line>
      <![CDATA[This test case is to verify that pt_name is null and pt_code is not null in aers_reactions table]]>
    </line>
    <line>
      <![CDATA[SELECT count(distinct isr_id) FROM aers_reactions where pt_name is null and pt_code is not null]]>
    </line>
    <line>
      <![CDATA[Expected : [0]]]>
    </line>
    <line>
      <![CDATA[Actual : [0]]]>
    </line>
    <line>
      <![CDATA[This test case is to verify that pt_code is null and pt_name is not null in aers_reactions table]]>
    </line>
    <line>
      <![CDATA[SELECT count(distinct isr_id) FROM aers_reactions where pt_code is null and pt_name is not null]]>
    </line>
    <line>
      <![CDATA[Expected : [0]]]>
    </line>
    <line>
      <![CDATA[Actual : [0]]]>
    </line>
  </reporter-output>
  <suite name="ETL Test" duration-ms="261" started-at="2014-07-02T15:35:03Z" finished-at="2014-07-02T15:35:03Z">
    <groups>
    </groups>
    <test name="ETL Test " duration-ms="261" started-at="2014-07-02T15:35:03Z" finished-at="2014-07-02T15:35:03Z">
      <class name="com.ms.sapphire.etl.AERS_REACTIONS">
        <test-method status="FAIL" signature="reaction_VBM()[pri:0, instance:com.ms.sapphire.etl.AERS_REACTIONS@100ab23]" name="reaction_VBM" duration-ms="192" started-at="2014-07-02T21:05:03Z" finished-at="2014-07-02T21:05:03Z">
          <exception class="java.lang.AssertionError">
            <message>
              <![CDATA[pt_name is null in aers_reactions for [41]records]]>
            </message>
            <full-stacktrace>
              <![CDATA[java.lang.AssertionError: pt_name is null in aers_reactions for [41]records
	at org.testng.Assert.fail(Assert.java:94)
	at com.ms.sapphire.etl.AERS_REACTIONS.reaction_VBM(AERS_REACTIONS.java:48)
	at sun.reflect.NativeMethodAccessorImpl.invoke0(Native Method)
	at sun.reflect.NativeMethodAccessorImpl.invoke(NativeMethodAccessorImpl.java:39)
	at sun.reflect.DelegatingMethodAccessorImpl.invoke(DelegatingMethodAccessorImpl.java:25)
	at java.lang.reflect.Method.invoke(Method.java:597)
	at org.testng.internal.MethodInvocationHelper.invokeMethod(MethodInvocationHelper.java:80)
	at org.testng.internal.Invoker.invokeMethod(Invoker.java:714)
	at org.testng.internal.Invoker.invokeTestMethod(Invoker.java:901)
	at org.testng.internal.Invoker.invokeTestMethods(Invoker.java:1231)
	at org.testng.internal.TestMethodWorker.invokeTestMethods(TestMethodWorker.java:127)
	at org.testng.internal.TestMethodWorker.run(TestMethodWorker.java:111)
	at org.testng.TestRunner.privateRun(TestRunner.java:767)
	at org.testng.TestRunner.run(TestRunner.java:617)
	at org.testng.SuiteRunner.runTest(SuiteRunner.java:334)
	at org.testng.SuiteRunner.access$000(SuiteRunner.java:37)
	at org.testng.SuiteRunner$SuiteWorker.run(SuiteRunner.java:368)
	at org.testng.internal.thread.ThreadUtil$2.call(ThreadUtil.java:64)
	at java.util.concurrent.FutureTask$Sync.innerRun(FutureTask.java:303)
	at java.util.concurrent.FutureTask.run(FutureTask.java:138)
	at java.util.concurrent.ThreadPoolExecutor$Worker.runTask(ThreadPoolExecutor.java:886)
	at java.util.concurrent.ThreadPoolExecutor$Worker.run(ThreadPoolExecutor.java:908)
	at java.lang.Thread.run(Thread.java:662)
]]>
            </full-stacktrace>
          </exception> <!-- java.lang.AssertionError -->
          <reporter-output>
            <line>
              <![CDATA[This test case is to verify if pt_name is null for cleaned drug in aers_reactions table]]>
            </line>
            <line>
              <![CDATA[select count(distinct reaction_vbm) from aers_reactions where pt_name is null]]>
            </line>
            <line>
              <![CDATA[Expected : [0]]]>
            </line>
            <line>
              <![CDATA[Actual : [41]]]>
            </line>
          </reporter-output>
        </test-method> <!-- reaction_VBM -->
        <test-method status="PASS" signature="reaction_pt_code_notnull()[pri:0, instance:com.ms.sapphire.etl.AERS_REACTIONS@100ab23]" name="reaction_pt_code_notnull" duration-ms="30" started-at="2014-07-02T21:05:03Z" finished-at="2014-07-02T21:05:03Z">
          <reporter-output>
            <line>
              <![CDATA[This test case is to verify that pt_name is null and pt_code is not null in aers_reactions table]]>
            </line>
            <line>
              <![CDATA[SELECT count(distinct isr_id) FROM aers_reactions where pt_name is null and pt_code is not null]]>
            </line>
            <line>
              <![CDATA[Expected : [0]]]>
            </line>
            <line>
              <![CDATA[Actual : [0]]]>
            </line>
          </reporter-output>
        </test-method> <!-- reaction_pt_code_notnull -->
        <test-method status="PASS" signature="reaction_pt_name_notnull()[pri:0, instance:com.ms.sapphire.etl.AERS_REACTIONS@100ab23]" name="reaction_pt_name_notnull" duration-ms="25" started-at="2014-07-02T21:05:03Z" finished-at="2014-07-02T21:05:03Z">
          <reporter-output>
            <line>
              <![CDATA[This test case is to verify that pt_code is null and pt_name is not null in aers_reactions table]]>
            </line>
            <line>
              <![CDATA[SELECT count(distinct isr_id) FROM aers_reactions where pt_code is null and pt_name is not null]]>
            </line>
            <line>
              <![CDATA[Expected : [0]]]>
            </line>
            <line>
              <![CDATA[Actual : [0]]]>
            </line>
          </reporter-output>
        </test-method> <!-- reaction_pt_name_notnull -->
      </class> <!-- com.ms.sapphire.etl.AERS_REACTIONS -->
    </test> <!-- ETL Test  -->
  </suite> <!-- ETL Test -->
</testng-results>
