<?xml version="1.0" encoding="UTF-8"?>
<testsuite name="TestSuite" time="0.251" tests="3" errors="0" skipped="0" failures="1">
  <properties>
[...]
</properties>
  <testcase name="reaction_VBM" classname="com.ms.sapphire.etl.AERS_REACTIONS" time="0.196">
    <failure message="pt_name is null in aers_reactions for [41]records" type="java.lang.AssertionError">java.lang.AssertionError: pt_name is null in aers_reactions for [41]records
	at org.testng.Assert.fail(Assert.java:94)
	at com.ms.sapphire.etl.AERS_REACTIONS.reaction_VBM(AERS_REACTIONS.java:48)
</failure>
  </testcase>
  <testcase name="reaction_pt_code_notnull" classname="com.ms.sapphire.etl.AERS_REACTIONS" time="0.031"/>
  <testcase name="reaction_pt_name_notnull" classname="com.ms.sapphire.etl.AERS_REACTIONS" time="0.024"/>
</testsuite>