<?xml version="1.0" encoding="UTF-8"?>
<testng-results skipped="0" failed="0" total="1" passed="1">
  <reporter-output>
    <line>
      <![CDATA[Expected text Sapphire matches actual test Sapphire]]>
    </line>
    <line>
      <![CDATA[Expected text Sapphire matches actual test Sapphire]]>
    </line>
  </reporter-output>
  <suite name="Default suite" duration-ms="65846" started-at="2014-06-16T07:21:03Z" finished-at="2014-06-16T07:22:09Z">
    <groups>
    </groups>
    <test name="Default test" duration-ms="65846" started-at="2014-06-16T07:21:03Z" finished-at="2014-06-16T07:22:09Z">
      <class name="com.sapphire.admin.Admin_WorkflowPrivileges">
        <test-method status="PASS" signature="doLogIn()[pri:0, instance:com.sapphire.admin.Admin_WorkflowPrivileges@87a5cc]" name="doLogIn" is-config="true" duration-ms="15508" started-at="2014-06-16T12:51:03Z" finished-at="2014-06-16T12:51:19Z">
          <reporter-output>
          </reporter-output>
        </test-method> <!-- doLogIn -->
        <test-method status="PASS" signature="TestMethodWorkflowPrivileges()[pri:0, instance:com.sapphire.admin.Admin_WorkflowPrivileges@87a5cc]" name="TestMethodWorkflowPrivileges" duration-ms="40787" started-at="2014-06-16T12:51:19Z" finished-at="2014-06-16T12:52:00Z">
          <reporter-output>
            <line>
              <![CDATA[Expected text Sapphire matches actual test Sapphire]]>
            </line>
            <line>
              <![CDATA[Expected text Sapphire matches actual test Sapphire]]>
            </line>
          </reporter-output>
        </test-method> <!-- TestMethodWorkflowPrivileges -->
        <test-method status="PASS" signature="doLogOut()[pri:0, instance:com.sapphire.admin.Admin_WorkflowPrivileges@87a5cc]" name="doLogOut" is-config="true" duration-ms="9542" started-at="2014-06-16T12:52:00Z" finished-at="2014-06-16T12:52:09Z">
          <reporter-output>
          </reporter-output>
        </test-method> <!-- doLogOut -->
      </class> <!-- com.sapphire.admin.Admin_WorkflowPrivileges -->
    </test> <!-- Default test -->
  </suite> <!-- Default suite -->
</testng-results>
