<?xml version="1.0" encoding="UTF-8"?>
<testng-results skipped="0" failed="0" total="1" passed="1">
  <reporter-output>
    <line>
      <![CDATA[Login Logout successfully with user.............null]]>
    </line>
  </reporter-output>
  <suite name="SignUp-suite1" duration-ms="18640" started-at="2014-04-21T10:31:51Z" finished-at="2014-04-21T10:32:10Z">
    <groups>
    </groups>
    <test name="SignUp-suite2" duration-ms="18640" started-at="2014-04-21T10:31:51Z" finished-at="2014-04-21T10:32:10Z">
      <class name="com.seleniumScripts.SignUp">
        <test-method status="PASS" signature="LoginLogoutMethod()[pri:0, instance:com.seleniumScripts.SignUp@1dff3a2]" name="LoginLogoutMethod" duration-ms="18629" started-at="2014-04-21T16:01:51Z" description="Login Logout Decription" finished-at="2014-04-21T16:02:10Z">
          <reporter-output>
            <line>
              <![CDATA[Login Logout successfully with user.............null]]>
            </line>
          </reporter-output>
        </test-method> <!-- LoginLogoutMethod -->
      </class> <!-- com.seleniumScripts.SignUp -->
    </test> <!-- SignUp-suite2 -->
  </suite> <!-- SignUp-suite1 -->
</testng-results>
