<?xml version="1.0" encoding="UTF-8"?>
<!-- Generated by org.testng.reporters.JUnitXMLReporter -->
<testsuite hostname="PDWIVEDI" name="Admin and Portfolio Test" tests="5" failures="0" timestamp="27 Jun 2014 10:10:33 GMT" time="5318.182" errors="0">
  <testcase name="TestMethodCreateProduct" time="1267.749" classname="com.sapphire.admin.Admin_Create_Product"/>
  <testcase name="TestMethodPortCreateMaster" time="1312.765" classname="com.sapphire.portfolio.Port_Create_Master"/>
  <testcase name="TestMethodPortCreateTopic" time="1392.361" classname="com.sapphire.portfolio.Port_Create_Topic"/>
  <testcase name="TestMethodPortCreateDocket" time="1098.879" classname="com.sapphire.portfolio.Port_Create_Docket"/>
  <testcase name="TestMethodPortCreateActionPlan" time="122.976" classname="com.sapphire.portfolio.Port_Create_ActionsPlan"/>
</testsuite> <!-- Admin and Portfolio Test -->
